2025-03-29 11:14:16 - src.application.etl.swaps_loader.common.logger - INFO - Запущен процесс для периода c 2025-02-27 19:00:00+00:00 до 2025-02-27 20:00:00+00:00
2025-03-29 11:14:16 - src.application.etl.swaps_loader.common.logger - INFO - Получили сигнал NEXT
2025-03-29 11:14:18 - src.application.etl.swaps_loader.common.logger - CRITICAL - Неизвестная ошибка, завершаем работу: unhandled errors in a TaskGroup (1 sub-exception)
2025-03-29 11:14:44 - src.application.etl.swaps_loader.common.logger - INFO - Запущен процесс для периода c 2025-02-27 19:00:00+00:00 до 2025-02-27 20:00:00+00:00
2025-03-29 11:14:44 - src.application.etl.swaps_loader.common.logger - INFO - Получили сигнал NEXT
2025-03-29 11:14:44 - src.application.etl.swaps_loader.common.logger - INFO - Начинаем сбор свапов за 2025-02-27 19:00:00+00:00 - 2025-02-27 19:30:00+00:00
2025-03-29 11:15:51 - src.application.etl.swaps_loader.common.logger - INFO - Кол-во записей: 100000 | Время запроса: 34, 38
2025-03-29 11:15:52 - src.application.etl.swaps_loader.common.logger - INFO - Кол-во записей: 100000 | Время запроса: 36, 41
2025-03-29 11:15:53 - src.application.etl.swaps_loader.common.logger - INFO - Кол-во записей: 100000 | Время запроса: 37, 42
2025-03-29 11:16:21 - src.application.etl.swaps_loader.common.logger - INFO - Кол-во записей: 100000 | Время запроса: 8, 12
2025-03-29 11:16:35 - src.application.etl.swaps_loader.common.logger - INFO - Кол-во записей: 96136 | Время запроса: 9, 12
2025-03-29 11:16:39 - src.application.etl.swaps_loader.common.logger - INFO - Кол-во записей: 15274 | Время запроса: 7, 8
2025-03-29 11:16:52 - src.application.etl.swaps_loader.common.logger - INFO - Кол-во записей: 100000 | Время запроса: 10, 14
2025-03-29 11:17:10 - src.application.etl.swaps_loader.common.logger - INFO - Кол-во записей: 7582 | Время запроса: 11, 12
2025-03-29 11:17:10 - src.application.etl.swaps_loader.common.logger - INFO - Собраны свапы за период 2025-02-27 19:00:00+00:00 - 2025-02-27 19:30:00+00:00 | Кол-во: 618992 | Время 0:02:25.532597
2025-03-29 11:17:10 - src.application.etl.swaps_loader.common.logger - INFO - Начинаем преобразование данных
2025-03-29 11:17:21 - src.application.etl.swaps_loader.common.logger - INFO - Время преобразования: 0:00:11.062984
2025-03-29 11:17:21 - src.application.etl.swaps_loader.common.logger - INFO - Начинаем импорт данных в БД
2025-03-29 11:17:21 - src.application.etl.swaps_loader.common.logger - INFO - Получили сигнал NEXT
2025-03-29 11:17:22 - src.application.etl.swaps_loader.common.logger - INFO - Начинаем сбор свапов за 2025-02-27 19:30:00+00:00 - 2025-02-27 20:00:00+00:00
2025-03-29 11:17:26 - src.application.etl.swaps_loader.common.logger - INFO - Токены импортированы
2025-03-29 11:17:27 - src.application.etl.swaps_loader.common.logger - INFO - Кошельки импортированы
2025-03-29 11:17:52 - src.application.etl.swaps_loader.common.logger - INFO - Кол-во записей: 100000 | Время запроса: 7, 12
2025-03-29 11:17:53 - src.application.etl.swaps_loader.common.logger - INFO - Кол-во записей: 100000 | Время запроса: 8, 12
2025-03-29 11:18:07 - src.application.etl.swaps_loader.common.logger - INFO - Кол-во записей: 100000 | Время запроса: 14, 19
2025-03-29 11:18:25 - src.application.etl.swaps_loader.common.logger - INFO - Кол-во записей: 80029 | Время запроса: 9, 12
2025-03-29 11:18:40 - src.application.etl.swaps_loader.common.logger - INFO - Кол-во записей: 93835 | Время запроса: 12, 15
2025-03-29 11:18:49 - src.application.etl.swaps_loader.common.logger - INFO - Кол-во записей: 85895 | Время запроса: 24, 27
2025-03-29 11:18:49 - src.application.etl.swaps_loader.common.logger - INFO - Собраны свапы за период 2025-02-27 19:30:00+00:00 - 2025-02-27 20:00:00+00:00 | Кол-во: 559759 | Время 0:01:26.893166
2025-03-29 11:18:49 - src.application.etl.swaps_loader.common.logger - INFO - Сборщик свапов завершил работу
2025-03-29 11:18:49 - src.application.etl.swaps_loader.common.logger - INFO - Начинаем преобразование данных
2025-03-29 11:19:00 - src.application.etl.swaps_loader.common.logger - INFO - Время преобразования: 0:00:10.701358
2025-03-29 11:19:00 - src.application.etl.swaps_loader.common.logger - INFO - Преобразователь завершил работу!
2025-03-29 11:20:34 - src.application.etl.swaps_loader.common.logger - INFO - Запущен процесс для периода c 2025-02-27 19:00:00+00:00 до 2025-02-27 20:00:00+00:00
2025-03-29 11:20:34 - src.application.etl.swaps_loader.common.logger - INFO - Получили сигнал NEXT
2025-03-29 11:20:34 - src.application.etl.swaps_loader.common.logger - INFO - Начинаем сбор свапов за 2025-02-27 19:00:00+00:00 - 2025-02-27 19:30:00+00:00
2025-03-29 11:21:09 - src.application.etl.swaps_loader.common.logger - INFO - Кол-во записей: 100000 | Время запроса: 9, 14
2025-03-29 11:21:10 - src.application.etl.swaps_loader.common.logger - INFO - Кол-во записей: 100000 | Время запроса: 9, 13
2025-03-29 11:21:11 - src.application.etl.swaps_loader.common.logger - INFO - Кол-во записей: 100000 | Время запроса: 8, 13
2025-03-29 11:21:48 - src.application.etl.swaps_loader.common.logger - INFO - Кол-во записей: 100000 | Время запроса: 13, 17
2025-03-29 11:21:52 - src.application.etl.swaps_loader.common.logger - INFO - Кол-во записей: 100000 | Время запроса: 14, 19
2025-03-29 11:21:59 - src.application.etl.swaps_loader.common.logger - INFO - Кол-во записей: 7582 | Время запроса: 6, 7
2025-03-29 11:22:08 - src.application.etl.swaps_loader.common.logger - INFO - Кол-во записей: 15274 | Время запроса: 7, 8
2025-03-29 11:22:15 - src.application.etl.swaps_loader.common.logger - INFO - Кол-во записей: 96136 | Время запроса: 12, 16
2025-03-29 11:22:15 - src.application.etl.swaps_loader.common.logger - INFO - Собраны свапы за период 2025-02-27 19:00:00+00:00 - 2025-02-27 19:30:00+00:00 | Кол-во: 618992 | Время 0:01:40.596999
2025-03-29 11:22:15 - src.application.etl.swaps_loader.common.logger - INFO - Начинаем преобразование данных
2025-03-29 11:22:25 - src.application.etl.swaps_loader.common.logger - INFO - Время преобразования: 0:00:10.072096
2025-03-29 11:22:25 - src.application.etl.swaps_loader.common.logger - INFO - Начинаем импорт данных в БД
2025-03-29 11:22:25 - src.application.etl.swaps_loader.common.logger - INFO - Получили сигнал NEXT
2025-03-29 11:22:26 - src.application.etl.swaps_loader.common.logger - INFO - Начинаем сбор свапов за 2025-02-27 19:30:00+00:00 - 2025-02-27 20:00:00+00:00
2025-03-29 11:22:26 - src.application.etl.swaps_loader.common.logger - INFO - Токены импортированы
2025-03-29 11:22:31 - src.application.etl.swaps_loader.common.logger - INFO - Кошельки импортированы
2025-03-29 11:22:58 - src.application.etl.swaps_loader.common.logger - INFO - Кол-во записей: 100000 | Время запроса: 7, 11
2025-03-29 11:23:00 - src.application.etl.swaps_loader.common.logger - INFO - Кол-во записей: 100000 | Время запроса: 7, 12
2025-03-29 11:23:21 - src.application.etl.swaps_loader.common.logger - INFO - Кол-во записей: 100000 | Время запроса: 13, 17
2025-03-29 11:23:25 - src.application.etl.swaps_loader.common.logger - INFO - Кол-во записей: 80029 | Время запроса: 7, 10
2025-03-29 11:23:28 - src.application.etl.swaps_loader.common.logger - INFO - Кол-во записей: 85895 | Время запроса: 6, 10
2025-03-29 11:24:02 - src.application.etl.swaps_loader.common.logger - INFO - Кол-во записей: 93835 | Время запроса: 18, 22
2025-03-29 11:24:03 - src.application.etl.swaps_loader.common.logger - CRITICAL - Неизвестная ошибка, завершаем работу: unhandled errors in a TaskGroup (1 sub-exception)
2025-03-29 11:36:20 - src.application.etl.swaps_loader.common.logger - INFO - Запущен процесс для периода c 2025-02-27 19:00:00+00:00 до 2025-02-27 19:01:00+00:00
2025-03-29 11:36:20 - src.application.etl.swaps_loader.common.logger - INFO - Получили сигнал NEXT
2025-03-29 11:36:20 - src.application.etl.swaps_loader.common.logger - INFO - Начинаем сбор свапов за 2025-02-27 19:00:00+00:00 - 2025-02-27 19:01:00+00:00
2025-03-29 11:36:33 - src.application.etl.swaps_loader.common.logger - INFO - Кол-во записей: 19602 | Время запроса: 4, 6
2025-03-29 11:36:33 - src.application.etl.swaps_loader.common.logger - INFO - Собраны свапы за период 2025-02-27 19:00:00+00:00 - 2025-02-27 19:01:00+00:00 | Кол-во: 19602 | Время 0:00:13.324265
2025-03-29 11:36:33 - src.application.etl.swaps_loader.common.logger - INFO - Сборщик свапов завершил работу
2025-03-29 11:36:33 - src.application.etl.swaps_loader.common.logger - INFO - Начинаем преобразование данных
2025-03-29 11:36:33 - src.application.etl.swaps_loader.common.logger - INFO - Время преобразования: 0:00:00.391972
2025-03-29 11:36:33 - src.application.etl.swaps_loader.common.logger - INFO - Преобразователь завершил работу!
2025-03-29 11:36:33 - src.application.etl.swaps_loader.common.logger - INFO - Начинаем импорт данных в БД
2025-03-29 11:36:34 - src.application.etl.swaps_loader.common.logger - INFO - Токены импортированы
2025-03-29 11:36:34 - src.application.etl.swaps_loader.common.logger - INFO - Кошельки импортированы
2025-03-29 11:36:36 - src.application.etl.swaps_loader.common.logger - INFO - Активности и WalletToken импортированы
2025-03-29 11:36:36 - src.application.etl.swaps_loader.common.logger - INFO - Свапов: 19602
2025-03-29 11:36:36 - src.application.etl.swaps_loader.common.logger - INFO - Кошельков: 7355
2025-03-29 11:36:36 - src.application.etl.swaps_loader.common.logger - INFO - Токенов: 974
2025-03-29 11:36:36 - src.application.etl.swaps_loader.common.logger - INFO - Кошелек-токен: 7977
2025-03-29 11:36:36 - src.application.etl.swaps_loader.common.logger - INFO - Данные импортированы за 2025-02-27 19:00:00+00:00 - 2025-02-27 19:01:00+00:00
2025-03-29 11:36:36 - src.application.etl.swaps_loader.common.logger - INFO - Время импорта: 0:00:02.209960
2025-03-29 11:36:36 - src.application.etl.swaps_loader.common.logger - INFO - Загрузчик завершил работу!
2025-03-29 11:36:36 - src.application.etl.swaps_loader.common.logger - INFO - Процесс для периода c 2025-02-27 19:00:00+00:00 до 2025-02-27 19:01:00+00:00 завершен!
2025-03-29 11:36:54 - src.application.etl.swaps_loader.common.logger - INFO - Запущен процесс для периода c 2025-02-27 19:00:00+00:00 до 2025-02-27 19:30:00+00:00
2025-03-29 11:36:54 - src.application.etl.swaps_loader.common.logger - INFO - Получили сигнал NEXT
2025-03-29 11:36:54 - src.application.etl.swaps_loader.common.logger - INFO - Начинаем сбор свапов за 2025-02-27 19:00:00+00:00 - 2025-02-27 19:30:00+00:00
2025-03-29 11:37:30 - src.application.etl.swaps_loader.common.logger - INFO - Кол-во записей: 100000 | Время запроса: 10, 14
2025-03-29 11:37:30 - src.application.etl.swaps_loader.common.logger - INFO - Кол-во записей: 99006 | Время запроса: 16, 19
2025-03-29 11:37:35 - src.application.etl.swaps_loader.common.logger - INFO - Кол-во записей: 97130 | Время запроса: 16, 20
2025-03-29 11:37:36 - src.application.etl.swaps_loader.common.logger - INFO - Кол-во записей: 100000 | Время запроса: 10, 15
2025-03-29 11:37:43 - src.application.etl.swaps_loader.common.logger - INFO - Кол-во записей: 99324 | Время запроса: 16, 21
2025-03-29 11:37:43 - src.application.etl.swaps_loader.common.logger - INFO - Кол-во записей: 100000 | Время запроса: 10, 14
2025-03-29 11:37:45 - src.application.etl.swaps_loader.common.logger - INFO - Кол-во записей: 4914 | Время запроса: 8, 8
2025-03-29 11:37:53 - src.application.etl.swaps_loader.common.logger - INFO - Кол-во записей: 10360 | Время запроса: 7, 8
2025-03-29 11:38:00 - src.application.etl.swaps_loader.common.logger - INFO - Кол-во записей: 8258 | Время запроса: 9, 10
2025-03-29 11:38:00 - src.application.etl.swaps_loader.common.logger - INFO - Собраны свапы за период 2025-02-27 19:00:00+00:00 - 2025-02-27 19:30:00+00:00 | Кол-во: 618992 | Время 0:01:06.574881
2025-03-29 11:38:00 - src.application.etl.swaps_loader.common.logger - INFO - Сборщик свапов завершил работу
2025-03-29 11:38:00 - src.application.etl.swaps_loader.common.logger - INFO - Начинаем преобразование данных
2025-03-29 11:38:10 - src.application.etl.swaps_loader.common.logger - INFO - Время преобразования: 0:00:10.069285
2025-03-29 11:38:10 - src.application.etl.swaps_loader.common.logger - INFO - Преобразователь завершил работу!
2025-03-29 11:38:10 - src.application.etl.swaps_loader.common.logger - INFO - Начинаем импорт данных в БД
2025-03-29 11:38:12 - src.application.etl.swaps_loader.common.logger - INFO - Токены импортированы
2025-03-29 11:38:16 - src.application.etl.swaps_loader.common.logger - INFO - Кошельки импортированы
2025-03-29 11:38:52 - src.application.etl.swaps_loader.common.logger - INFO - Активности и WalletToken импортированы
2025-03-29 11:38:52 - src.application.etl.swaps_loader.common.logger - INFO - Свапов: 618992
2025-03-29 11:38:52 - src.application.etl.swaps_loader.common.logger - INFO - Кошельков: 66894
2025-03-29 11:38:52 - src.application.etl.swaps_loader.common.logger - INFO - Токенов: 8479
2025-03-29 11:38:52 - src.application.etl.swaps_loader.common.logger - INFO - Кошелек-токен: 105549
2025-03-29 11:38:52 - src.application.etl.swaps_loader.common.logger - INFO - Данные импортированы за 2025-02-27 19:00:00+00:00 - 2025-02-27 19:30:00+00:00
2025-03-29 11:38:52 - src.application.etl.swaps_loader.common.logger - INFO - Время импорта: 0:00:42.025348
2025-03-29 11:38:52 - src.application.etl.swaps_loader.common.logger - INFO - Загрузчик завершил работу!
2025-03-29 11:38:53 - src.application.etl.swaps_loader.common.logger - INFO - Процесс для периода c 2025-02-27 19:00:00+00:00 до 2025-02-27 19:30:00+00:00 завершен!
2025-03-29 11:39:56 - src.application.etl.swaps_loader.common.logger - INFO - Запущен процесс для периода c 2025-02-27 19:00:00+00:00 до 2025-02-27 19:30:00+00:00
2025-03-29 11:39:56 - src.application.etl.swaps_loader.common.logger - INFO - Получили сигнал NEXT
2025-03-29 11:39:56 - src.application.etl.swaps_loader.common.logger - INFO - Начинаем сбор свапов за 2025-02-27 19:00:00+00:00 - 2025-02-27 19:30:00+00:00
2025-03-29 11:40:26 - src.application.etl.swaps_loader.common.logger - INFO - Кол-во записей: 100000 | Время запроса: 7, 12
2025-03-29 11:40:26 - src.application.etl.swaps_loader.common.logger - INFO - Кол-во записей: 97130 | Время запроса: 7, 10
2025-03-29 11:40:32 - src.application.etl.swaps_loader.common.logger - INFO - Кол-во записей: 99324 | Время запроса: 13, 17
2025-03-29 11:40:32 - src.application.etl.swaps_loader.common.logger - INFO - Кол-во записей: 99006 | Время запроса: 10, 14
2025-03-29 11:40:36 - src.application.etl.swaps_loader.common.logger - INFO - Кол-во записей: 100000 | Время запроса: 14, 18
2025-03-29 11:40:38 - src.application.etl.swaps_loader.common.logger - INFO - Кол-во записей: 100000 | Время запроса: 14, 18
2025-03-29 11:40:42 - src.application.etl.swaps_loader.common.logger - INFO - Кол-во записей: 10360 | Время запроса: 9, 10
2025-03-29 11:40:52 - src.application.etl.swaps_loader.common.logger - INFO - Кол-во записей: 8258 | Время запроса: 11, 12
2025-03-29 11:40:53 - src.application.etl.swaps_loader.common.logger - INFO - Кол-во записей: 4914 | Время запроса: 9, 10
2025-03-29 11:40:53 - src.application.etl.swaps_loader.common.logger - INFO - Собраны свапы за период 2025-02-27 19:00:00+00:00 - 2025-02-27 19:30:00+00:00 | Кол-во: 618992 | Время 0:00:57.531273
2025-03-29 11:40:53 - src.application.etl.swaps_loader.common.logger - INFO - Сборщик свапов завершил работу
2025-03-29 11:40:53 - src.application.etl.swaps_loader.common.logger - INFO - Начинаем преобразование данных
2025-03-29 11:41:03 - src.application.etl.swaps_loader.common.logger - INFO - Время преобразования: 0:00:10.198782
2025-03-29 11:41:03 - src.application.etl.swaps_loader.common.logger - INFO - Преобразователь завершил работу!
2025-03-29 11:41:04 - src.application.etl.swaps_loader.common.logger - INFO - Начинаем импорт данных в БД
2025-03-29 11:41:05 - src.application.etl.swaps_loader.common.logger - INFO - Токены импортированы
2025-03-29 11:41:10 - src.application.etl.swaps_loader.common.logger - INFO - Кошельки импортированы
2025-03-29 11:41:45 - src.application.etl.swaps_loader.common.logger - INFO - Активности и WalletToken импортированы
2025-03-29 11:41:45 - src.application.etl.swaps_loader.common.logger - INFO - Свапов: 618992
2025-03-29 11:41:45 - src.application.etl.swaps_loader.common.logger - INFO - Кошельков: 66894
2025-03-29 11:41:45 - src.application.etl.swaps_loader.common.logger - INFO - Токенов: 8479
2025-03-29 11:41:45 - src.application.etl.swaps_loader.common.logger - INFO - Кошелек-токен: 105549
2025-03-29 11:41:45 - src.application.etl.swaps_loader.common.logger - INFO - Данные импортированы за 2025-02-27 19:00:00+00:00 - 2025-02-27 19:30:00+00:00
2025-03-29 11:41:45 - src.application.etl.swaps_loader.common.logger - INFO - Время импорта: 0:00:41.756445
2025-03-29 11:41:45 - src.application.etl.swaps_loader.common.logger - INFO - Загрузчик завершил работу!
2025-03-29 11:41:46 - src.application.etl.swaps_loader.common.logger - INFO - Процесс для периода c 2025-02-27 19:00:00+00:00 до 2025-02-27 19:30:00+00:00 завершен!
